[2025-11-12 00:36:20] === NEW IPN REQUEST ===
[2025-11-12 00:36:20] POST Data: Array
(
    [mc_gross] => 5.00
    [protection_eligibility] => Ineligible
    [address_status] => confirmed
    [payer_id] => 8PKRSAALZ92RN
    [address_street] => Via Ca' Talami 18
Casa
    [payment_date] => 16:36:12 Nov 11, 2025 PST
    [payment_status] => Completed
    [charset] => UTF-8
    [address_zip] => 42031
    [first_name] => Amine
    [mc_fee] => 0.52
    [address_country_code] => IT
    [address_name] => Amine Lajaji
    [notify_version] => 3.9
    [custom] => 56642
    [payer_status] => unverified
    [business] => shyra.online.game@gmail.com
    [address_country] => Italy
    [address_city] => Baiso
    [quantity] => 1
    [verify_sign] => AVbp6LLsApNs2k4Pncrh7nohP-HpACiKYMTBqlHB-bObf97OyQ722sbk
    [payer_email] => amine.lajaji@hotmail.com
    [txn_id] => 86091899UX605243M
    [payment_type] => instant
    [last_name] => Lajaji
    [address_state] => Reggio Emilia
    [receiver_email] => shyra.online.game@gmail.com
    [payment_fee] => 
    [shipping_discount] => 0.00
    [insurance_amount] => 0.00
    [receiver_id] => 8YCE72MMGM9RA
    [txn_type] => web_accept
    [item_name] => 50 MD
    [discount] => 0.00
    [mc_currency] => EUR
    [item_number] => 1
    [residence_country] => IT
    [receipt_id] => 3419-1731-3249-9652
    [shipping_method] => Default
    [transaction_subject] => 
    [payment_gross] => 
    [shipping] => 0.00
    [ipn_track_id] => f7393510080df
)

[2025-11-12 00:36:20] IPN Verification Request: cmd=_notify-validate&mc_gross=5.00&protection_eligibility=Ineligible&address_status=confirmed&payer_id=8PKRSAALZ92RN&address_street=Via+Ca%27+Talami+18%0D%0ACasa&payment_date=16%3A36%3A12+Nov+11%2C+2025+PST&payment_status=Completed&charset=UTF-8&address_zip=42031&first_name=Amine&mc_fee=0.52&address_country_code=IT&address_name=Amine+Lajaji&notify_version=3.9&custom=56642&payer_status=unverified&business=shyra.online.game%40gmail.com&address_country=Italy&address_city=Baiso&quantity=1&verify_sign=AVbp6LLsApNs2k4Pncrh7nohP-HpACiKYMTBqlHB-bObf97OyQ722sbk&payer_email=amine.lajaji%40hotmail.com&txn_id=86091899UX605243M&payment_type=instant&last_name=Lajaji&address_state=Reggio+Emilia&receiver_email=shyra.online.game%40gmail.com&payment_fee=&shipping_discount=0.00&insurance_amount=0.00&receiver_id=8YCE72MMGM9RA&txn_type=web_accept&item_name=50+MD&discount=0.00&mc_currency=EUR&item_number=1&residence_country=IT&receipt_id=3419-1731-3249-9652&shipping_method=Default&transaction_subject=&payment_gross=&shipping=0.00&ipn_track_id=f7393510080df
[2025-11-12 00:36:20] Payment Data: Array
(
    [item_name] => 50 MD
    [item_number] => 1
    [payment_status] => Completed
    [payment_amount] => 5.00
    [payment_currency] => EUR
    [txn_id] => 86091899UX605243M
    [receiver_email] => shyra.online.game@gmail.com
    [payer_email] => amine.lajaji@hotmail.com
    [custom] => 56642
)

[2025-11-12 00:36:20] PayPal URL: https://ipnpb.paypal.com/cgi-bin/webscr
[2025-11-12 00:36:21] cURL Result: VERIFIED
[2025-11-12 00:36:21] cURL Error: 
[2025-11-12 00:36:21] cURL Errno: 0
[2025-11-12 00:36:21] cURL Info: Array
(
    [url] => https://ipnpb.paypal.com/cgi-bin/webscr
    [content_type] => text/html; charset=utf-8
    [http_code] => 200
    [header_size] => 3440
    [request_size] => 1210
    [filetime] => -1
    [ssl_verify_result] => 0
    [redirect_count] => 0
    [total_time] => 0.959861
    [namelookup_time] => 0.03234
    [connect_time] => 0.207316
    [pretransfer_time] => 0.564755
    [size_upload] => 1050
    [size_download] => 8
    [speed_download] => 8
    [speed_upload] => 1093
    [download_content_length] => 8
    [upload_content_length] => 1050
    [starttransfer_time] => 0.9598
    [redirect_time] => 0
    [redirect_url] => 
    [primary_ip] => 64.4.248.8
    [certinfo] => Array
        (
        )

    [primary_port] => 443
    [local_ip] => 81.180.202.3
    [local_port] => 56596
    [http_version] => 2
    [protocol] => 2
    [ssl_verifyresult] => 0
    [scheme] => https
    [appconnect_time_us] => 564579
    [connect_time_us] => 207316
    [namelookup_time_us] => 32340
    [pretransfer_time_us] => 564755
    [redirect_time_us] => 0
    [starttransfer_time_us] => 959800
    [total_time_us] => 959861
)

[2025-11-12 00:36:21] IPN VERIFIED by PayPal
[2025-11-12 00:36:21] Receiver email match: YES
[2025-11-12 00:36:21] Expected: shyra.online.game@gmail.com | Received: shyra.online.game@gmail.com
[2025-11-12 00:36:21] Currency match: YES
[2025-11-12 00:36:21] Expected: EUR | Received: EUR
[2025-11-12 00:36:21] Valid TXN ID: YES
[2025-11-12 00:36:21] Valid Price: YES
[2025-11-12 00:36:21] Payment COMPLETED - Processing...
[2025-11-12 00:36:21] Update Payments Result: FAILED
[2025-11-12 00:36:21] Add Coins Result: FAILED
[2025-11-12 00:36:21] User: 56642 | Package: 1
[2025-11-12 00:36:21] ERROR: Failed to add coins to user
[2025-11-12 00:36:21] === END IPN REQUEST ===
[2025-11-12 00:38:24] === NEW IPN REQUEST ===
[2025-11-12 00:38:24] POST Data: Array
(
    [mc_gross] => 5.00
    [protection_eligibility] => Ineligible
    [address_status] => confirmed
    [payer_id] => 8PKRSAALZ92RN
    [address_street] => Via Ca' Talami 18
Casa
    [payment_date] => 16:36:12 Nov 11, 2025 PST
    [payment_status] => Completed
    [charset] => UTF-8
    [address_zip] => 42031
    [first_name] => Amine
    [mc_fee] => 0.52
    [address_country_code] => IT
    [address_name] => Amine Lajaji
    [notify_version] => 3.9
    [custom] => 56642
    [payer_status] => unverified
    [business] => shyra.online.game@gmail.com
    [address_country] => Italy
    [address_city] => Baiso
    [quantity] => 1
    [verify_sign] => AVbp6LLsApNs2k4Pncrh7nohP-HpACiKYMTBqlHB-bObf97OyQ722sbk
    [payer_email] => amine.lajaji@hotmail.com
    [txn_id] => 86091899UX605243M
    [payment_type] => instant
    [last_name] => Lajaji
    [address_state] => Reggio Emilia
    [receiver_email] => shyra.online.game@gmail.com
    [payment_fee] => 
    [shipping_discount] => 0.00
    [insurance_amount] => 0.00
    [receiver_id] => 8YCE72MMGM9RA
    [txn_type] => web_accept
    [item_name] => 50 MD
    [discount] => 0.00
    [mc_currency] => EUR
    [item_number] => 1
    [residence_country] => IT
    [receipt_id] => 3419-1731-3249-9652
    [shipping_method] => Default
    [transaction_subject] => 
    [payment_gross] => 
    [shipping] => 0.00
    [ipn_track_id] => f7393510080df
)

[2025-11-12 00:38:24] IPN Verification Request: cmd=_notify-validate&mc_gross=5.00&protection_eligibility=Ineligible&address_status=confirmed&payer_id=8PKRSAALZ92RN&address_street=Via+Ca%27+Talami+18%0D%0ACasa&payment_date=16%3A36%3A12+Nov+11%2C+2025+PST&payment_status=Completed&charset=UTF-8&address_zip=42031&first_name=Amine&mc_fee=0.52&address_country_code=IT&address_name=Amine+Lajaji&notify_version=3.9&custom=56642&payer_status=unverified&business=shyra.online.game%40gmail.com&address_country=Italy&address_city=Baiso&quantity=1&verify_sign=AVbp6LLsApNs2k4Pncrh7nohP-HpACiKYMTBqlHB-bObf97OyQ722sbk&payer_email=amine.lajaji%40hotmail.com&txn_id=86091899UX605243M&payment_type=instant&last_name=Lajaji&address_state=Reggio+Emilia&receiver_email=shyra.online.game%40gmail.com&payment_fee=&shipping_discount=0.00&insurance_amount=0.00&receiver_id=8YCE72MMGM9RA&txn_type=web_accept&item_name=50+MD&discount=0.00&mc_currency=EUR&item_number=1&residence_country=IT&receipt_id=3419-1731-3249-9652&shipping_method=Default&transaction_subject=&payment_gross=&shipping=0.00&ipn_track_id=f7393510080df
[2025-11-12 00:38:24] Payment Data: Array
(
    [item_name] => 50 MD
    [item_number] => 1
    [payment_status] => Completed
    [payment_amount] => 5.00
    [payment_currency] => EUR
    [txn_id] => 86091899UX605243M
    [receiver_email] => shyra.online.game@gmail.com
    [payer_email] => amine.lajaji@hotmail.com
    [custom] => 56642
)

[2025-11-12 00:38:24] PayPal URL: https://ipnpb.paypal.com/cgi-bin/webscr
[2025-11-12 00:38:25] cURL Result: VERIFIED
[2025-11-12 00:38:25] cURL Error: 
[2025-11-12 00:38:25] cURL Errno: 0
[2025-11-12 00:38:25] cURL Info: Array
(
    [url] => https://ipnpb.paypal.com/cgi-bin/webscr
    [content_type] => text/html; charset=utf-8
    [http_code] => 200
    [header_size] => 3438
    [request_size] => 1210
    [filetime] => -1
    [ssl_verify_result] => 0
    [redirect_count] => 0
    [total_time] => 0.888336
    [namelookup_time] => 0.000363
    [connect_time] => 0.175335
    [pretransfer_time] => 0.532731
    [size_upload] => 1050
    [size_download] => 8
    [speed_download] => 9
    [speed_upload] => 1181
    [download_content_length] => 8
    [upload_content_length] => 1050
    [starttransfer_time] => 0.888269
    [redirect_time] => 0
    [redirect_url] => 
    [primary_ip] => 64.4.248.8
    [certinfo] => Array
        (
        )

    [primary_port] => 443
    [local_ip] => 81.180.202.3
    [local_port] => 37504
    [http_version] => 2
    [protocol] => 2
    [ssl_verifyresult] => 0
    [scheme] => https
    [appconnect_time_us] => 532559
    [connect_time_us] => 175335
    [namelookup_time_us] => 363
    [pretransfer_time_us] => 532731
    [redirect_time_us] => 0
    [starttransfer_time_us] => 888269
    [total_time_us] => 888336
)

[2025-11-12 00:38:25] IPN VERIFIED by PayPal
[2025-11-12 00:38:25] Receiver email match: YES
[2025-11-12 00:38:25] Expected: shyra.online.game@gmail.com | Received: shyra.online.game@gmail.com
[2025-11-12 00:38:25] Currency match: YES
[2025-11-12 00:38:25] Expected: EUR | Received: EUR
[2025-11-12 00:38:25] Valid TXN ID: YES
[2025-11-12 00:38:25] Valid Price: YES
[2025-11-12 00:38:25] Payment COMPLETED - Processing...
[2025-11-12 00:38:25] Update Payments Result: FAILED
[2025-11-12 00:38:25] Add Coins Result: FAILED
[2025-11-12 00:38:25] User: 56642 | Package: 1
[2025-11-12 00:38:25] ERROR: Failed to add coins to user
[2025-11-12 00:38:25] === END IPN REQUEST ===
[2025-11-12 00:40:29] === NEW IPN REQUEST ===
[2025-11-12 00:40:29] POST Data: Array
(
    [mc_gross] => 5.00
    [protection_eligibility] => Ineligible
    [address_status] => confirmed
    [payer_id] => 8PKRSAALZ92RN
    [address_street] => Via Ca' Talami 18
Casa
    [payment_date] => 16:36:12 Nov 11, 2025 PST
    [payment_status] => Completed
    [charset] => UTF-8
    [address_zip] => 42031
    [first_name] => Amine
    [mc_fee] => 0.52
    [address_country_code] => IT
    [address_name] => Amine Lajaji
    [notify_version] => 3.9
    [custom] => 56642
    [payer_status] => unverified
    [business] => shyra.online.game@gmail.com
    [address_country] => Italy
    [address_city] => Baiso
    [quantity] => 1
    [verify_sign] => AVbp6LLsApNs2k4Pncrh7nohP-HpACiKYMTBqlHB-bObf97OyQ722sbk
    [payer_email] => amine.lajaji@hotmail.com
    [txn_id] => 86091899UX605243M
    [payment_type] => instant
    [last_name] => Lajaji
    [address_state] => Reggio Emilia
    [receiver_email] => shyra.online.game@gmail.com
    [payment_fee] => 
    [shipping_discount] => 0.00
    [insurance_amount] => 0.00
    [receiver_id] => 8YCE72MMGM9RA
    [txn_type] => web_accept
    [item_name] => 50 MD
    [discount] => 0.00
    [mc_currency] => EUR
    [item_number] => 1
    [residence_country] => IT
    [receipt_id] => 3419-1731-3249-9652
    [shipping_method] => Default
    [transaction_subject] => 
    [payment_gross] => 
    [shipping] => 0.00
    [ipn_track_id] => f7393510080df
)

[2025-11-12 00:40:29] IPN Verification Request: cmd=_notify-validate&mc_gross=5.00&protection_eligibility=Ineligible&address_status=confirmed&payer_id=8PKRSAALZ92RN&address_street=Via+Ca%27+Talami+18%0D%0ACasa&payment_date=16%3A36%3A12+Nov+11%2C+2025+PST&payment_status=Completed&charset=UTF-8&address_zip=42031&first_name=Amine&mc_fee=0.52&address_country_code=IT&address_name=Amine+Lajaji&notify_version=3.9&custom=56642&payer_status=unverified&business=shyra.online.game%40gmail.com&address_country=Italy&address_city=Baiso&quantity=1&verify_sign=AVbp6LLsApNs2k4Pncrh7nohP-HpACiKYMTBqlHB-bObf97OyQ722sbk&payer_email=amine.lajaji%40hotmail.com&txn_id=86091899UX605243M&payment_type=instant&last_name=Lajaji&address_state=Reggio+Emilia&receiver_email=shyra.online.game%40gmail.com&payment_fee=&shipping_discount=0.00&insurance_amount=0.00&receiver_id=8YCE72MMGM9RA&txn_type=web_accept&item_name=50+MD&discount=0.00&mc_currency=EUR&item_number=1&residence_country=IT&receipt_id=3419-1731-3249-9652&shipping_method=Default&transaction_subject=&payment_gross=&shipping=0.00&ipn_track_id=f7393510080df
[2025-11-12 00:40:29] Payment Data: Array
(
    [item_name] => 50 MD
    [item_number] => 1
    [payment_status] => Completed
    [payment_amount] => 5.00
    [payment_currency] => EUR
    [txn_id] => 86091899UX605243M
    [receiver_email] => shyra.online.game@gmail.com
    [payer_email] => amine.lajaji@hotmail.com
    [custom] => 56642
)

[2025-11-12 00:40:29] PayPal URL: https://ipnpb.paypal.com/cgi-bin/webscr
[2025-11-12 00:40:30] cURL Result: VERIFIED
[2025-11-12 00:40:30] cURL Error: 
[2025-11-12 00:40:30] cURL Errno: 0
[2025-11-12 00:40:30] cURL Info: Array
(
    [url] => https://ipnpb.paypal.com/cgi-bin/webscr
    [content_type] => text/html; charset=utf-8
    [http_code] => 200
    [header_size] => 3323
    [request_size] => 1210
    [filetime] => -1
    [ssl_verify_result] => 0
    [redirect_count] => 0
    [total_time] => 0.829764
    [namelookup_time] => 0.000309
    [connect_time] => 0.17424
    [pretransfer_time] => 0.529467
    [size_upload] => 1050
    [size_download] => 8
    [speed_download] => 9
    [speed_upload] => 1265
    [download_content_length] => 8
    [upload_content_length] => 1050
    [starttransfer_time] => 0.829711
    [redirect_time] => 0
    [redirect_url] => 
    [primary_ip] => 64.4.248.8
    [certinfo] => Array
        (
        )

    [primary_port] => 443
    [local_ip] => 81.180.202.3
    [local_port] => 46428
    [http_version] => 2
    [protocol] => 2
    [ssl_verifyresult] => 0
    [scheme] => https
    [appconnect_time_us] => 529313
    [connect_time_us] => 174240
    [namelookup_time_us] => 309
    [pretransfer_time_us] => 529467
    [redirect_time_us] => 0
    [starttransfer_time_us] => 829711
    [total_time_us] => 829764
)

[2025-11-12 00:40:30] IPN VERIFIED by PayPal
[2025-11-12 00:40:30] Receiver email match: YES
[2025-11-12 00:40:30] Expected: shyra.online.game@gmail.com | Received: shyra.online.game@gmail.com
[2025-11-12 00:40:30] Currency match: YES
[2025-11-12 00:40:30] Expected: EUR | Received: EUR
[2025-11-12 00:40:30] Valid TXN ID: YES
[2025-11-12 00:40:30] Valid Price: YES
[2025-11-12 00:40:30] Payment COMPLETED - Processing...
[2025-11-12 00:40:30] Update Payments Result: FAILED
[2025-11-12 00:40:30] Add Coins Result: FAILED
[2025-11-12 00:40:30] User: 56642 | Package: 1
[2025-11-12 00:40:30] ERROR: Failed to add coins to user
[2025-11-12 00:40:30] === END IPN REQUEST ===
[2025-11-12 00:42:34] === NEW IPN REQUEST ===
[2025-11-12 00:42:34] POST Data: Array
(
    [mc_gross] => 5.00
    [protection_eligibility] => Ineligible
    [address_status] => confirmed
    [payer_id] => 8PKRSAALZ92RN
    [address_street] => Via Ca' Talami 18
Casa
    [payment_date] => 16:36:12 Nov 11, 2025 PST
    [payment_status] => Completed
    [charset] => UTF-8
    [address_zip] => 42031
    [first_name] => Amine
    [mc_fee] => 0.52
    [address_country_code] => IT
    [address_name] => Amine Lajaji
    [notify_version] => 3.9
    [custom] => 56642
    [payer_status] => unverified
    [business] => shyra.online.game@gmail.com
    [address_country] => Italy
    [address_city] => Baiso
    [quantity] => 1
    [verify_sign] => AVbp6LLsApNs2k4Pncrh7nohP-HpACiKYMTBqlHB-bObf97OyQ722sbk
    [payer_email] => amine.lajaji@hotmail.com
    [txn_id] => 86091899UX605243M
    [payment_type] => instant
    [last_name] => Lajaji
    [address_state] => Reggio Emilia
    [receiver_email] => shyra.online.game@gmail.com
    [payment_fee] => 
    [shipping_discount] => 0.00
    [insurance_amount] => 0.00
    [receiver_id] => 8YCE72MMGM9RA
    [txn_type] => web_accept
    [item_name] => 50 MD
    [discount] => 0.00
    [mc_currency] => EUR
    [item_number] => 1
    [residence_country] => IT
    [receipt_id] => 3419-1731-3249-9652
    [shipping_method] => Default
    [transaction_subject] => 
    [payment_gross] => 
    [shipping] => 0.00
    [ipn_track_id] => f7393510080df
)

[2025-11-12 00:42:34] IPN Verification Request: cmd=_notify-validate&mc_gross=5.00&protection_eligibility=Ineligible&address_status=confirmed&payer_id=8PKRSAALZ92RN&address_street=Via+Ca%27+Talami+18%0D%0ACasa&payment_date=16%3A36%3A12+Nov+11%2C+2025+PST&payment_status=Completed&charset=UTF-8&address_zip=42031&first_name=Amine&mc_fee=0.52&address_country_code=IT&address_name=Amine+Lajaji&notify_version=3.9&custom=56642&payer_status=unverified&business=shyra.online.game%40gmail.com&address_country=Italy&address_city=Baiso&quantity=1&verify_sign=AVbp6LLsApNs2k4Pncrh7nohP-HpACiKYMTBqlHB-bObf97OyQ722sbk&payer_email=amine.lajaji%40hotmail.com&txn_id=86091899UX605243M&payment_type=instant&last_name=Lajaji&address_state=Reggio+Emilia&receiver_email=shyra.online.game%40gmail.com&payment_fee=&shipping_discount=0.00&insurance_amount=0.00&receiver_id=8YCE72MMGM9RA&txn_type=web_accept&item_name=50+MD&discount=0.00&mc_currency=EUR&item_number=1&residence_country=IT&receipt_id=3419-1731-3249-9652&shipping_method=Default&transaction_subject=&payment_gross=&shipping=0.00&ipn_track_id=f7393510080df
[2025-11-12 00:42:34] Payment Data: Array
(
    [item_name] => 50 MD
    [item_number] => 1
    [payment_status] => Completed
    [payment_amount] => 5.00
    [payment_currency] => EUR
    [txn_id] => 86091899UX605243M
    [receiver_email] => shyra.online.game@gmail.com
    [payer_email] => amine.lajaji@hotmail.com
    [custom] => 56642
)

[2025-11-12 00:42:34] PayPal URL: https://ipnpb.paypal.com/cgi-bin/webscr
[2025-11-12 00:42:34] cURL Result: VERIFIED
[2025-11-12 00:42:34] cURL Error: 
[2025-11-12 00:42:34] cURL Errno: 0
[2025-11-12 00:42:34] cURL Info: Array
(
    [url] => https://ipnpb.paypal.com/cgi-bin/webscr
    [content_type] => text/html; charset=utf-8
    [http_code] => 200
    [header_size] => 3323
    [request_size] => 1210
    [filetime] => -1
    [ssl_verify_result] => 0
    [redirect_count] => 0
    [total_time] => 0.762003
    [namelookup_time] => 0.00033
    [connect_time] => 0.174474
    [pretransfer_time] => 0.52983
    [size_upload] => 1050
    [size_download] => 8
    [speed_download] => 10
    [speed_upload] => 1377
    [download_content_length] => 8
    [upload_content_length] => 1050
    [starttransfer_time] => 0.761951
    [redirect_time] => 0
    [redirect_url] => 
    [primary_ip] => 64.4.248.8
    [certinfo] => Array
        (
        )

    [primary_port] => 443
    [local_ip] => 81.180.202.3
    [local_port] => 33882
    [http_version] => 2
    [protocol] => 2
    [ssl_verifyresult] => 0
    [scheme] => https
    [appconnect_time_us] => 529668
    [connect_time_us] => 174474
    [namelookup_time_us] => 330
    [pretransfer_time_us] => 529830
    [redirect_time_us] => 0
    [starttransfer_time_us] => 761951
    [total_time_us] => 762003
)

[2025-11-12 00:42:34] IPN VERIFIED by PayPal
[2025-11-12 00:42:34] Receiver email match: YES
[2025-11-12 00:42:34] Expected: shyra.online.game@gmail.com | Received: shyra.online.game@gmail.com
[2025-11-12 00:42:34] Currency match: YES
[2025-11-12 00:42:34] Expected: EUR | Received: EUR
[2025-11-12 00:42:34] Valid TXN ID: YES
[2025-11-12 00:42:34] Valid Price: YES
[2025-11-12 00:42:34] Payment COMPLETED - Processing...
[2025-11-12 00:42:34] Update Payments Result: FAILED
[2025-11-12 00:42:34] Add Coins Result: FAILED
[2025-11-12 00:42:34] User: 56642 | Package: 1
[2025-11-12 00:42:34] ERROR: Failed to add coins to user
[2025-11-12 00:42:34] === END IPN REQUEST ===
[2025-11-12 00:44:38] === NEW IPN REQUEST ===
[2025-11-12 00:44:38] POST Data: Array
(
    [mc_gross] => 5.00
    [protection_eligibility] => Ineligible
    [address_status] => confirmed
    [payer_id] => 8PKRSAALZ92RN
    [address_street] => Via Ca' Talami 18
Casa
    [payment_date] => 16:36:12 Nov 11, 2025 PST
    [payment_status] => Completed
    [charset] => UTF-8
    [address_zip] => 42031
    [first_name] => Amine
    [mc_fee] => 0.52
    [address_country_code] => IT
    [address_name] => Amine Lajaji
    [notify_version] => 3.9
    [custom] => 56642
    [payer_status] => unverified
    [business] => shyra.online.game@gmail.com
    [address_country] => Italy
    [address_city] => Baiso
    [quantity] => 1
    [verify_sign] => AVbp6LLsApNs2k4Pncrh7nohP-HpACiKYMTBqlHB-bObf97OyQ722sbk
    [payer_email] => amine.lajaji@hotmail.com
    [txn_id] => 86091899UX605243M
    [payment_type] => instant
    [last_name] => Lajaji
    [address_state] => Reggio Emilia
    [receiver_email] => shyra.online.game@gmail.com
    [payment_fee] => 
    [shipping_discount] => 0.00
    [insurance_amount] => 0.00
    [receiver_id] => 8YCE72MMGM9RA
    [txn_type] => web_accept
    [item_name] => 50 MD
    [discount] => 0.00
    [mc_currency] => EUR
    [item_number] => 1
    [residence_country] => IT
    [receipt_id] => 3419-1731-3249-9652
    [shipping_method] => Default
    [transaction_subject] => 
    [payment_gross] => 
    [shipping] => 0.00
    [ipn_track_id] => f7393510080df
)

[2025-11-12 00:44:38] IPN Verification Request: cmd=_notify-validate&mc_gross=5.00&protection_eligibility=Ineligible&address_status=confirmed&payer_id=8PKRSAALZ92RN&address_street=Via+Ca%27+Talami+18%0D%0ACasa&payment_date=16%3A36%3A12+Nov+11%2C+2025+PST&payment_status=Completed&charset=UTF-8&address_zip=42031&first_name=Amine&mc_fee=0.52&address_country_code=IT&address_name=Amine+Lajaji&notify_version=3.9&custom=56642&payer_status=unverified&business=shyra.online.game%40gmail.com&address_country=Italy&address_city=Baiso&quantity=1&verify_sign=AVbp6LLsApNs2k4Pncrh7nohP-HpACiKYMTBqlHB-bObf97OyQ722sbk&payer_email=amine.lajaji%40hotmail.com&txn_id=86091899UX605243M&payment_type=instant&last_name=Lajaji&address_state=Reggio+Emilia&receiver_email=shyra.online.game%40gmail.com&payment_fee=&shipping_discount=0.00&insurance_amount=0.00&receiver_id=8YCE72MMGM9RA&txn_type=web_accept&item_name=50+MD&discount=0.00&mc_currency=EUR&item_number=1&residence_country=IT&receipt_id=3419-1731-3249-9652&shipping_method=Default&transaction_subject=&payment_gross=&shipping=0.00&ipn_track_id=f7393510080df
[2025-11-12 00:44:38] Payment Data: Array
(
    [item_name] => 50 MD
    [item_number] => 1
    [payment_status] => Completed
    [payment_amount] => 5.00
    [payment_currency] => EUR
    [txn_id] => 86091899UX605243M
    [receiver_email] => shyra.online.game@gmail.com
    [payer_email] => amine.lajaji@hotmail.com
    [custom] => 56642
)

[2025-11-12 00:44:38] PayPal URL: https://ipnpb.paypal.com/cgi-bin/webscr
[2025-11-12 00:44:39] cURL Result: VERIFIED
[2025-11-12 00:44:39] cURL Error: 
[2025-11-12 00:44:39] cURL Errno: 0
[2025-11-12 00:44:39] cURL Info: Array
(
    [url] => https://ipnpb.paypal.com/cgi-bin/webscr
    [content_type] => text/html; charset=utf-8
    [http_code] => 200
    [header_size] => 3323
    [request_size] => 1210
    [filetime] => -1
    [ssl_verify_result] => 0
    [redirect_count] => 0
    [total_time] => 0.781246
    [namelookup_time] => 0.000358
    [connect_time] => 0.175026
    [pretransfer_time] => 0.531475
    [size_upload] => 1050
    [size_download] => 8
    [speed_download] => 10
    [speed_upload] => 1344
    [download_content_length] => 8
    [upload_content_length] => 1050
    [starttransfer_time] => 0.781193
    [redirect_time] => 0
    [redirect_url] => 
    [primary_ip] => 64.4.248.8
    [certinfo] => Array
        (
        )

    [primary_port] => 443
    [local_ip] => 81.180.202.3
    [local_port] => 60194
    [http_version] => 2
    [protocol] => 2
    [ssl_verifyresult] => 0
    [scheme] => https
    [appconnect_time_us] => 531306
    [connect_time_us] => 175026
    [namelookup_time_us] => 358
    [pretransfer_time_us] => 531475
    [redirect_time_us] => 0
    [starttransfer_time_us] => 781193
    [total_time_us] => 781246
)

[2025-11-12 00:44:39] IPN VERIFIED by PayPal
[2025-11-12 00:44:39] Receiver email match: YES
[2025-11-12 00:44:39] Expected: shyra.online.game@gmail.com | Received: shyra.online.game@gmail.com
[2025-11-12 00:44:39] Currency match: YES
[2025-11-12 00:44:39] Expected: EUR | Received: EUR
[2025-11-12 00:44:39] Valid TXN ID: YES
[2025-11-12 00:44:39] Valid Price: YES
[2025-11-12 00:44:39] Payment COMPLETED - Processing...
[2025-11-12 00:44:39] Update Payments Result: FAILED
[2025-11-12 00:44:39] Add Coins Result: FAILED
[2025-11-12 00:44:39] User: 56642 | Package: 1
[2025-11-12 00:44:39] ERROR: Failed to add coins to user
[2025-11-12 00:44:39] === END IPN REQUEST ===
[2025-11-12 00:47:22] === NEW IPN REQUEST ===
[2025-11-12 00:47:22] POST Data: Array
(
    [mc_gross] => 5.00
    [protection_eligibility] => Ineligible
    [address_status] => confirmed
    [payer_id] => 8PKRSAALZ92RN
    [address_street] => Via Ca' Talami 18
Casa
    [payment_date] => 16:36:12 Nov 11, 2025 PST
    [payment_status] => Completed
    [charset] => UTF-8
    [address_zip] => 42031
    [first_name] => Amine
    [mc_fee] => 0.52
    [address_country_code] => IT
    [address_name] => Amine Lajaji
    [notify_version] => 3.9
    [custom] => 56642
    [payer_status] => unverified
    [business] => shyra.online.game@gmail.com
    [address_country] => Italy
    [address_city] => Baiso
    [quantity] => 1
    [verify_sign] => AVbp6LLsApNs2k4Pncrh7nohP-HpACiKYMTBqlHB-bObf97OyQ722sbk
    [payer_email] => amine.lajaji@hotmail.com
    [txn_id] => 86091899UX605243M
    [payment_type] => instant
    [last_name] => Lajaji
    [address_state] => Reggio Emilia
    [receiver_email] => shyra.online.game@gmail.com
    [payment_fee] => 
    [shipping_discount] => 0.00
    [insurance_amount] => 0.00
    [receiver_id] => 8YCE72MMGM9RA
    [txn_type] => web_accept
    [item_name] => 50 MD
    [discount] => 0.00
    [mc_currency] => EUR
    [item_number] => 1
    [residence_country] => IT
    [receipt_id] => 3419-1731-3249-9652
    [shipping_method] => Default
    [transaction_subject] => 
    [payment_gross] => 
    [shipping] => 0.00
    [ipn_track_id] => f7393510080df
)

[2025-11-12 00:47:22] IPN Verification Request: cmd=_notify-validate&mc_gross=5.00&protection_eligibility=Ineligible&address_status=confirmed&payer_id=8PKRSAALZ92RN&address_street=Via+Ca%27+Talami+18%0D%0ACasa&payment_date=16%3A36%3A12+Nov+11%2C+2025+PST&payment_status=Completed&charset=UTF-8&address_zip=42031&first_name=Amine&mc_fee=0.52&address_country_code=IT&address_name=Amine+Lajaji&notify_version=3.9&custom=56642&payer_status=unverified&business=shyra.online.game%40gmail.com&address_country=Italy&address_city=Baiso&quantity=1&verify_sign=AVbp6LLsApNs2k4Pncrh7nohP-HpACiKYMTBqlHB-bObf97OyQ722sbk&payer_email=amine.lajaji%40hotmail.com&txn_id=86091899UX605243M&payment_type=instant&last_name=Lajaji&address_state=Reggio+Emilia&receiver_email=shyra.online.game%40gmail.com&payment_fee=&shipping_discount=0.00&insurance_amount=0.00&receiver_id=8YCE72MMGM9RA&txn_type=web_accept&item_name=50+MD&discount=0.00&mc_currency=EUR&item_number=1&residence_country=IT&receipt_id=3419-1731-3249-9652&shipping_method=Default&transaction_subject=&payment_gross=&shipping=0.00&ipn_track_id=f7393510080df
[2025-11-12 00:47:22] Payment Data: Array
(
    [item_name] => 50 MD
    [item_number] => 1
    [payment_status] => Completed
    [payment_amount] => 5.00
    [payment_currency] => EUR
    [txn_id] => 86091899UX605243M
    [receiver_email] => shyra.online.game@gmail.com
    [payer_email] => amine.lajaji@hotmail.com
    [custom] => 56642
)

[2025-11-12 00:47:22] PayPal URL: https://ipnpb.paypal.com/cgi-bin/webscr
[2025-11-12 00:47:23] cURL Result: VERIFIED
[2025-11-12 00:47:23] cURL Error: 
[2025-11-12 00:47:23] cURL Errno: 0
[2025-11-12 00:47:23] cURL Info: Array
(
    [url] => https://ipnpb.paypal.com/cgi-bin/webscr
    [content_type] => text/html; charset=utf-8
    [http_code] => 200
    [header_size] => 3438
    [request_size] => 1210
    [filetime] => -1
    [ssl_verify_result] => 0
    [redirect_count] => 0
    [total_time] => 0.787911
    [namelookup_time] => 0.000346
    [connect_time] => 0.175631
    [pretransfer_time] => 0.53566
    [size_upload] => 1050
    [size_download] => 8
    [speed_download] => 10
    [speed_upload] => 1332
    [download_content_length] => 8
    [upload_content_length] => 1050
    [starttransfer_time] => 0.78785
    [redirect_time] => 0
    [redirect_url] => 
    [primary_ip] => 64.4.248.8
    [certinfo] => Array
        (
        )

    [primary_port] => 443
    [local_ip] => 81.180.202.3
    [local_port] => 51190
    [http_version] => 2
    [protocol] => 2
    [ssl_verifyresult] => 0
    [scheme] => https
    [appconnect_time_us] => 535462
    [connect_time_us] => 175631
    [namelookup_time_us] => 346
    [pretransfer_time_us] => 535660
    [redirect_time_us] => 0
    [starttransfer_time_us] => 787850
    [total_time_us] => 787911
)

[2025-11-12 00:47:23] IPN VERIFIED by PayPal
[2025-11-12 00:47:23] Receiver email match: YES
[2025-11-12 00:47:23] Expected: shyra.online.game@gmail.com | Received: shyra.online.game@gmail.com
[2025-11-12 00:47:23] Currency match: YES
[2025-11-12 00:47:23] Expected: EUR | Received: EUR
[2025-11-12 00:47:23] Valid TXN ID: YES
[2025-11-12 00:47:23] Valid Price: YES
[2025-11-12 00:47:23] Payment COMPLETED - Processing...
[2025-11-12 00:47:23] Update Payments Result: FAILED
[2025-11-12 00:47:23] Add Coins Result: FAILED
[2025-11-12 00:47:23] User: 56642 | Package: 1
[2025-11-12 00:47:23] ERROR: Failed to add coins to user
[2025-11-12 00:47:23] === END IPN REQUEST ===
[2025-11-12 00:52:48] === NEW IPN REQUEST ===
[2025-11-12 00:52:48] POST Data: Array
(
    [mc_gross] => 5.00
    [protection_eligibility] => Ineligible
    [address_status] => confirmed
    [payer_id] => 8PKRSAALZ92RN
    [address_street] => Via Ca' Talami 18
Casa
    [payment_date] => 16:36:12 Nov 11, 2025 PST
    [payment_status] => Completed
    [charset] => UTF-8
    [address_zip] => 42031
    [first_name] => Amine
    [mc_fee] => 0.52
    [address_country_code] => IT
    [address_name] => Amine Lajaji
    [notify_version] => 3.9
    [custom] => 56642
    [payer_status] => unverified
    [business] => shyra.online.game@gmail.com
    [address_country] => Italy
    [address_city] => Baiso
    [quantity] => 1
    [verify_sign] => AVbp6LLsApNs2k4Pncrh7nohP-HpACiKYMTBqlHB-bObf97OyQ722sbk
    [payer_email] => amine.lajaji@hotmail.com
    [txn_id] => 86091899UX605243M
    [payment_type] => instant
    [last_name] => Lajaji
    [address_state] => Reggio Emilia
    [receiver_email] => shyra.online.game@gmail.com
    [payment_fee] => 
    [shipping_discount] => 0.00
    [insurance_amount] => 0.00
    [receiver_id] => 8YCE72MMGM9RA
    [txn_type] => web_accept
    [item_name] => 50 MD
    [discount] => 0.00
    [mc_currency] => EUR
    [item_number] => 1
    [residence_country] => IT
    [receipt_id] => 3419-1731-3249-9652
    [shipping_method] => Default
    [transaction_subject] => 
    [payment_gross] => 
    [shipping] => 0.00
    [ipn_track_id] => f7393510080df
)

[2025-11-12 00:52:48] IPN Verification Request: cmd=_notify-validate&mc_gross=5.00&protection_eligibility=Ineligible&address_status=confirmed&payer_id=8PKRSAALZ92RN&address_street=Via+Ca%27+Talami+18%0D%0ACasa&payment_date=16%3A36%3A12+Nov+11%2C+2025+PST&payment_status=Completed&charset=UTF-8&address_zip=42031&first_name=Amine&mc_fee=0.52&address_country_code=IT&address_name=Amine+Lajaji&notify_version=3.9&custom=56642&payer_status=unverified&business=shyra.online.game%40gmail.com&address_country=Italy&address_city=Baiso&quantity=1&verify_sign=AVbp6LLsApNs2k4Pncrh7nohP-HpACiKYMTBqlHB-bObf97OyQ722sbk&payer_email=amine.lajaji%40hotmail.com&txn_id=86091899UX605243M&payment_type=instant&last_name=Lajaji&address_state=Reggio+Emilia&receiver_email=shyra.online.game%40gmail.com&payment_fee=&shipping_discount=0.00&insurance_amount=0.00&receiver_id=8YCE72MMGM9RA&txn_type=web_accept&item_name=50+MD&discount=0.00&mc_currency=EUR&item_number=1&residence_country=IT&receipt_id=3419-1731-3249-9652&shipping_method=Default&transaction_subject=&payment_gross=&shipping=0.00&ipn_track_id=f7393510080df
[2025-11-12 00:52:48] Payment Data: Array
(
    [item_name] => 50 MD
    [item_number] => 1
    [payment_status] => Completed
    [payment_amount] => 5.00
    [payment_currency] => EUR
    [txn_id] => 86091899UX605243M
    [receiver_email] => shyra.online.game@gmail.com
    [payer_email] => amine.lajaji@hotmail.com
    [custom] => 56642
)

[2025-11-12 00:52:48] PayPal URL: https://ipnpb.paypal.com/cgi-bin/webscr
[2025-11-12 00:52:49] cURL Result: VERIFIED
[2025-11-12 00:52:49] cURL Error: 
[2025-11-12 00:52:49] cURL Errno: 0
[2025-11-12 00:52:49] cURL Info: Array
(
    [url] => https://ipnpb.paypal.com/cgi-bin/webscr
    [content_type] => text/html; charset=utf-8
    [http_code] => 200
    [header_size] => 3325
    [request_size] => 1210
    [filetime] => -1
    [ssl_verify_result] => 0
    [redirect_count] => 0
    [total_time] => 0.806056
    [namelookup_time] => 0.000325
    [connect_time] => 0.173868
    [pretransfer_time] => 0.528525
    [size_upload] => 1050
    [size_download] => 8
    [speed_download] => 9
    [speed_upload] => 1302
    [download_content_length] => 8
    [upload_content_length] => 1050
    [starttransfer_time] => 0.805989
    [redirect_time] => 0
    [redirect_url] => 
    [primary_ip] => 64.4.248.8
    [certinfo] => Array
        (
        )

    [primary_port] => 443
    [local_ip] => 81.180.202.3
    [local_port] => 54542
    [http_version] => 2
    [protocol] => 2
    [ssl_verifyresult] => 0
    [scheme] => https
    [appconnect_time_us] => 528342
    [connect_time_us] => 173868
    [namelookup_time_us] => 325
    [pretransfer_time_us] => 528525
    [redirect_time_us] => 0
    [starttransfer_time_us] => 805989
    [total_time_us] => 806056
)

[2025-11-12 00:52:49] IPN VERIFIED by PayPal
[2025-11-12 00:52:49] Receiver email match: YES
[2025-11-12 00:52:49] Expected: shyra.online.game@gmail.com | Received: shyra.online.game@gmail.com
[2025-11-12 00:52:49] Currency match: YES
[2025-11-12 00:52:49] Expected: EUR | Received: EUR
[2025-11-12 00:52:49] Valid TXN ID: YES
[2025-11-12 00:52:49] Valid Price: YES
[2025-11-12 00:52:49] Payment COMPLETED - Processing...
[2025-11-12 00:52:49] Update Payments Result: FAILED
[2025-11-12 00:52:49] Add Coins Result: FAILED
[2025-11-12 00:52:49] User: 56642 | Package: 1
[2025-11-12 00:52:49] ERROR: Failed to add coins to user
[2025-11-12 00:52:49] === END IPN REQUEST ===
[2025-11-12 01:03:31] === NEW IPN REQUEST ===
[2025-11-12 01:03:31] POST Data: Array
(
    [mc_gross] => 5.00
    [protection_eligibility] => Ineligible
    [address_status] => confirmed
    [payer_id] => 8PKRSAALZ92RN
    [address_street] => Via Ca' Talami 18
Casa
    [payment_date] => 16:36:12 Nov 11, 2025 PST
    [payment_status] => Completed
    [charset] => UTF-8
    [address_zip] => 42031
    [first_name] => Amine
    [mc_fee] => 0.52
    [address_country_code] => IT
    [address_name] => Amine Lajaji
    [notify_version] => 3.9
    [custom] => 56642
    [payer_status] => unverified
    [business] => shyra.online.game@gmail.com
    [address_country] => Italy
    [address_city] => Baiso
    [quantity] => 1
    [verify_sign] => AVbp6LLsApNs2k4Pncrh7nohP-HpACiKYMTBqlHB-bObf97OyQ722sbk
    [payer_email] => amine.lajaji@hotmail.com
    [txn_id] => 86091899UX605243M
    [payment_type] => instant
    [last_name] => Lajaji
    [address_state] => Reggio Emilia
    [receiver_email] => shyra.online.game@gmail.com
    [payment_fee] => 
    [shipping_discount] => 0.00
    [insurance_amount] => 0.00
    [receiver_id] => 8YCE72MMGM9RA
    [txn_type] => web_accept
    [item_name] => 50 MD
    [discount] => 0.00
    [mc_currency] => EUR
    [item_number] => 1
    [residence_country] => IT
    [receipt_id] => 3419-1731-3249-9652
    [shipping_method] => Default
    [transaction_subject] => 
    [payment_gross] => 
    [shipping] => 0.00
    [ipn_track_id] => f7393510080df
)

[2025-11-12 01:03:31] IPN Verification Request: cmd=_notify-validate&mc_gross=5.00&protection_eligibility=Ineligible&address_status=confirmed&payer_id=8PKRSAALZ92RN&address_street=Via+Ca%27+Talami+18%0D%0ACasa&payment_date=16%3A36%3A12+Nov+11%2C+2025+PST&payment_status=Completed&charset=UTF-8&address_zip=42031&first_name=Amine&mc_fee=0.52&address_country_code=IT&address_name=Amine+Lajaji&notify_version=3.9&custom=56642&payer_status=unverified&business=shyra.online.game%40gmail.com&address_country=Italy&address_city=Baiso&quantity=1&verify_sign=AVbp6LLsApNs2k4Pncrh7nohP-HpACiKYMTBqlHB-bObf97OyQ722sbk&payer_email=amine.lajaji%40hotmail.com&txn_id=86091899UX605243M&payment_type=instant&last_name=Lajaji&address_state=Reggio+Emilia&receiver_email=shyra.online.game%40gmail.com&payment_fee=&shipping_discount=0.00&insurance_amount=0.00&receiver_id=8YCE72MMGM9RA&txn_type=web_accept&item_name=50+MD&discount=0.00&mc_currency=EUR&item_number=1&residence_country=IT&receipt_id=3419-1731-3249-9652&shipping_method=Default&transaction_subject=&payment_gross=&shipping=0.00&ipn_track_id=f7393510080df
[2025-11-12 01:03:31] Payment Data: Array
(
    [item_name] => 50 MD
    [item_number] => 1
    [payment_status] => Completed
    [payment_amount] => 5.00
    [payment_currency] => EUR
    [txn_id] => 86091899UX605243M
    [receiver_email] => shyra.online.game@gmail.com
    [payer_email] => amine.lajaji@hotmail.com
    [custom] => 56642
)

[2025-11-12 01:03:31] PayPal URL: https://ipnpb.paypal.com/cgi-bin/webscr
[2025-11-12 01:03:32] cURL Result: VERIFIED
[2025-11-12 01:03:32] cURL Error: 
[2025-11-12 01:03:32] cURL Errno: 0
[2025-11-12 01:03:32] cURL Info: Array
(
    [url] => https://ipnpb.paypal.com/cgi-bin/webscr
    [content_type] => text/html; charset=utf-8
    [http_code] => 200
    [header_size] => 3325
    [request_size] => 1210
    [filetime] => -1
    [ssl_verify_result] => 0
    [redirect_count] => 0
    [total_time] => 0.781277
    [namelookup_time] => 0.002402
    [connect_time] => 0.178542
    [pretransfer_time] => 0.538406
    [size_upload] => 1050
    [size_download] => 8
    [speed_download] => 10
    [speed_upload] => 1343
    [download_content_length] => 8
    [upload_content_length] => 1050
    [starttransfer_time] => 0.781217
    [redirect_time] => 0
    [redirect_url] => 
    [primary_ip] => 64.4.248.8
    [certinfo] => Array
        (
        )

    [primary_port] => 443
    [local_ip] => 81.180.202.3
    [local_port] => 50708
    [http_version] => 2
    [protocol] => 2
    [ssl_verifyresult] => 0
    [scheme] => https
    [appconnect_time_us] => 538227
    [connect_time_us] => 178542
    [namelookup_time_us] => 2402
    [pretransfer_time_us] => 538406
    [redirect_time_us] => 0
    [starttransfer_time_us] => 781217
    [total_time_us] => 781277
)

[2025-11-12 01:03:32] IPN VERIFIED by PayPal
[2025-11-12 01:03:32] Receiver email match: YES
[2025-11-12 01:03:32] Expected: shyra.online.game@gmail.com | Received: shyra.online.game@gmail.com
[2025-11-12 01:03:32] Currency match: YES
[2025-11-12 01:03:32] Expected: EUR | Received: EUR
[2025-11-12 01:03:32] Valid TXN ID: YES
[2025-11-12 01:03:32] Valid Price: YES
[2025-11-12 01:03:32] Payment COMPLETED - Processing...
[2025-11-12 01:03:32] Update Payments Result: FAILED
[2025-11-12 01:03:32] Add Coins Result: FAILED
[2025-11-12 01:03:32] User: 56642 | Package: 1
[2025-11-12 01:03:32] ERROR: Failed to add coins to user
[2025-11-12 01:03:32] === END IPN REQUEST ===
[2025-11-12 01:27:42] === NEW IPN REQUEST ===
[2025-11-12 01:27:42] POST Data: Array
(
    [mc_gross] => 5.00
    [protection_eligibility] => Ineligible
    [address_status] => confirmed
    [payer_id] => 8PKRSAALZ92RN
    [address_street] => Via Ca' Talami 18
Casa
    [payment_date] => 16:36:12 Nov 11, 2025 PST
    [payment_status] => Completed
    [charset] => UTF-8
    [address_zip] => 42031
    [first_name] => Amine
    [mc_fee] => 0.52
    [address_country_code] => IT
    [address_name] => Amine Lajaji
    [notify_version] => 3.9
    [custom] => 56642
    [payer_status] => unverified
    [business] => shyra.online.game@gmail.com
    [address_country] => Italy
    [address_city] => Baiso
    [quantity] => 1
    [verify_sign] => AVbp6LLsApNs2k4Pncrh7nohP-HpACiKYMTBqlHB-bObf97OyQ722sbk
    [payer_email] => amine.lajaji@hotmail.com
    [txn_id] => 86091899UX605243M
    [payment_type] => instant
    [last_name] => Lajaji
    [address_state] => Reggio Emilia
    [receiver_email] => shyra.online.game@gmail.com
    [payment_fee] => 
    [shipping_discount] => 0.00
    [insurance_amount] => 0.00
    [receiver_id] => 8YCE72MMGM9RA
    [txn_type] => web_accept
    [item_name] => 50 MD
    [discount] => 0.00
    [mc_currency] => EUR
    [item_number] => 1
    [residence_country] => IT
    [receipt_id] => 3419-1731-3249-9652
    [shipping_method] => Default
    [transaction_subject] => 
    [payment_gross] => 
    [shipping] => 0.00
    [ipn_track_id] => f7393510080df
)

[2025-11-12 01:27:42] IPN Verification Request: cmd=_notify-validate&mc_gross=5.00&protection_eligibility=Ineligible&address_status=confirmed&payer_id=8PKRSAALZ92RN&address_street=Via+Ca%27+Talami+18%0D%0ACasa&payment_date=16%3A36%3A12+Nov+11%2C+2025+PST&payment_status=Completed&charset=UTF-8&address_zip=42031&first_name=Amine&mc_fee=0.52&address_country_code=IT&address_name=Amine+Lajaji&notify_version=3.9&custom=56642&payer_status=unverified&business=shyra.online.game%40gmail.com&address_country=Italy&address_city=Baiso&quantity=1&verify_sign=AVbp6LLsApNs2k4Pncrh7nohP-HpACiKYMTBqlHB-bObf97OyQ722sbk&payer_email=amine.lajaji%40hotmail.com&txn_id=86091899UX605243M&payment_type=instant&last_name=Lajaji&address_state=Reggio+Emilia&receiver_email=shyra.online.game%40gmail.com&payment_fee=&shipping_discount=0.00&insurance_amount=0.00&receiver_id=8YCE72MMGM9RA&txn_type=web_accept&item_name=50+MD&discount=0.00&mc_currency=EUR&item_number=1&residence_country=IT&receipt_id=3419-1731-3249-9652&shipping_method=Default&transaction_subject=&payment_gross=&shipping=0.00&ipn_track_id=f7393510080df
[2025-11-12 01:27:42] Payment Data: Array
(
    [item_name] => 50 MD
    [item_number] => 1
    [payment_status] => Completed
    [payment_amount] => 5.00
    [payment_currency] => EUR
    [txn_id] => 86091899UX605243M
    [receiver_email] => shyra.online.game@gmail.com
    [payer_email] => amine.lajaji@hotmail.com
    [custom] => 56642
)

[2025-11-12 01:27:42] PayPal URL: https://ipnpb.paypal.com/cgi-bin/webscr
[2025-11-12 01:27:43] cURL Result: VERIFIED
[2025-11-12 01:27:43] cURL Error: 
[2025-11-12 01:27:43] cURL Errno: 0
[2025-11-12 01:27:43] cURL Info: Array
(
    [url] => https://ipnpb.paypal.com/cgi-bin/webscr
    [content_type] => text/html; charset=utf-8
    [http_code] => 200
    [header_size] => 3323
    [request_size] => 1210
    [filetime] => -1
    [ssl_verify_result] => 0
    [redirect_count] => 0
    [total_time] => 0.871163
    [namelookup_time] => 0.063228
    [connect_time] => 0.237729
    [pretransfer_time] => 0.59471
    [size_upload] => 1050
    [size_download] => 8
    [speed_download] => 9
    [speed_upload] => 1205
    [download_content_length] => 8
    [upload_content_length] => 1050
    [starttransfer_time] => 0.871102
    [redirect_time] => 0
    [redirect_url] => 
    [primary_ip] => 64.4.248.8
    [certinfo] => Array
        (
        )

    [primary_port] => 443
    [local_ip] => 81.180.202.3
    [local_port] => 49562
    [http_version] => 2
    [protocol] => 2
    [ssl_verifyresult] => 0
    [scheme] => https
    [appconnect_time_us] => 594537
    [connect_time_us] => 237729
    [namelookup_time_us] => 63228
    [pretransfer_time_us] => 594710
    [redirect_time_us] => 0
    [starttransfer_time_us] => 871102
    [total_time_us] => 871163
)

[2025-11-12 01:27:43] IPN VERIFIED by PayPal
[2025-11-12 01:27:43] Receiver email match: YES
[2025-11-12 01:27:43] Expected: shyra.online.game@gmail.com | Received: shyra.online.game@gmail.com
[2025-11-12 01:27:43] Currency match: YES
[2025-11-12 01:27:43] Expected: EUR | Received: EUR
[2025-11-12 01:27:43] Valid TXN ID: YES
[2025-11-12 01:27:43] Valid Price: YES
[2025-11-12 01:27:43] Payment COMPLETED - Processing...
[2025-11-12 01:27:43] Update Payments Result: FAILED
[2025-11-12 01:27:43] Add Coins Result: FAILED
[2025-11-12 01:27:43] User: 56642 | Package: 1
[2025-11-12 01:27:43] ERROR: Failed to add coins to user
[2025-11-12 01:27:43] === END IPN REQUEST ===
[2025-11-12 02:10:26] === NEW IPN REQUEST ===
[2025-11-12 02:10:26] POST Data: Array
(
    [mc_gross] => 5.00
    [protection_eligibility] => Ineligible
    [address_status] => confirmed
    [payer_id] => 8PKRSAALZ92RN
    [address_street] => Via Ca' Talami 18
Casa
    [payment_date] => 16:36:12 Nov 11, 2025 PST
    [payment_status] => Completed
    [charset] => UTF-8
    [address_zip] => 42031
    [first_name] => Amine
    [mc_fee] => 0.52
    [address_country_code] => IT
    [address_name] => Amine Lajaji
    [notify_version] => 3.9
    [custom] => 56642
    [payer_status] => unverified
    [business] => shyra.online.game@gmail.com
    [address_country] => Italy
    [address_city] => Baiso
    [quantity] => 1
    [verify_sign] => AVbp6LLsApNs2k4Pncrh7nohP-HpACiKYMTBqlHB-bObf97OyQ722sbk
    [payer_email] => amine.lajaji@hotmail.com
    [txn_id] => 86091899UX605243M
    [payment_type] => instant
    [last_name] => Lajaji
    [address_state] => Reggio Emilia
    [receiver_email] => shyra.online.game@gmail.com
    [payment_fee] => 
    [shipping_discount] => 0.00
    [insurance_amount] => 0.00
    [receiver_id] => 8YCE72MMGM9RA
    [txn_type] => web_accept
    [item_name] => 50 MD
    [discount] => 0.00
    [mc_currency] => EUR
    [item_number] => 1
    [residence_country] => IT
    [receipt_id] => 3419-1731-3249-9652
    [shipping_method] => Default
    [transaction_subject] => 
    [payment_gross] => 
    [shipping] => 0.00
    [ipn_track_id] => f7393510080df
)

[2025-11-12 02:10:26] IPN Verification Request: cmd=_notify-validate&mc_gross=5.00&protection_eligibility=Ineligible&address_status=confirmed&payer_id=8PKRSAALZ92RN&address_street=Via+Ca%27+Talami+18%0D%0ACasa&payment_date=16%3A36%3A12+Nov+11%2C+2025+PST&payment_status=Completed&charset=UTF-8&address_zip=42031&first_name=Amine&mc_fee=0.52&address_country_code=IT&address_name=Amine+Lajaji&notify_version=3.9&custom=56642&payer_status=unverified&business=shyra.online.game%40gmail.com&address_country=Italy&address_city=Baiso&quantity=1&verify_sign=AVbp6LLsApNs2k4Pncrh7nohP-HpACiKYMTBqlHB-bObf97OyQ722sbk&payer_email=amine.lajaji%40hotmail.com&txn_id=86091899UX605243M&payment_type=instant&last_name=Lajaji&address_state=Reggio+Emilia&receiver_email=shyra.online.game%40gmail.com&payment_fee=&shipping_discount=0.00&insurance_amount=0.00&receiver_id=8YCE72MMGM9RA&txn_type=web_accept&item_name=50+MD&discount=0.00&mc_currency=EUR&item_number=1&residence_country=IT&receipt_id=3419-1731-3249-9652&shipping_method=Default&transaction_subject=&payment_gross=&shipping=0.00&ipn_track_id=f7393510080df
[2025-11-12 02:10:26] Payment Data: Array
(
    [item_name] => 50 MD
    [item_number] => 1
    [payment_status] => Completed
    [payment_amount] => 5.00
    [payment_currency] => EUR
    [txn_id] => 86091899UX605243M
    [receiver_email] => shyra.online.game@gmail.com
    [payer_email] => amine.lajaji@hotmail.com
    [custom] => 56642
)

[2025-11-12 02:10:26] PayPal URL: https://ipnpb.paypal.com/cgi-bin/webscr
[2025-11-12 02:10:27] cURL Result: VERIFIED
[2025-11-12 02:10:27] cURL Error: 
[2025-11-12 02:10:27] cURL Errno: 0
[2025-11-12 02:10:27] cURL Info: Array
(
    [url] => https://ipnpb.paypal.com/cgi-bin/webscr
    [content_type] => text/html; charset=utf-8
    [http_code] => 200
    [header_size] => 3434
    [request_size] => 1210
    [filetime] => -1
    [ssl_verify_result] => 0
    [redirect_count] => 0
    [total_time] => 0.864411
    [namelookup_time] => 0.06498
    [connect_time] => 0.239515
    [pretransfer_time] => 0.595633
    [size_upload] => 1050
    [size_download] => 8
    [speed_download] => 9
    [speed_upload] => 1214
    [download_content_length] => 8
    [upload_content_length] => 1050
    [starttransfer_time] => 0.864349
    [redirect_time] => 0
    [redirect_url] => 
    [primary_ip] => 64.4.248.8
    [certinfo] => Array
        (
        )

    [primary_port] => 443
    [local_ip] => 81.180.202.3
    [local_port] => 39584
    [http_version] => 2
    [protocol] => 2
    [ssl_verifyresult] => 0
    [scheme] => https
    [appconnect_time_us] => 595480
    [connect_time_us] => 239515
    [namelookup_time_us] => 64980
    [pretransfer_time_us] => 595633
    [redirect_time_us] => 0
    [starttransfer_time_us] => 864349
    [total_time_us] => 864411
)

[2025-11-12 02:10:27] IPN VERIFIED by PayPal
[2025-11-12 02:10:27] Receiver email match: YES
[2025-11-12 02:10:27] Expected: shyra.online.game@gmail.com | Received: shyra.online.game@gmail.com
[2025-11-12 02:10:27] Currency match: YES
[2025-11-12 02:10:27] Expected: EUR | Received: EUR
[2025-11-12 02:10:27] Valid TXN ID: YES
[2025-11-12 02:10:27] Valid Price: YES
[2025-11-12 02:10:27] Payment COMPLETED - Processing...
[2025-11-12 02:10:27] Update Payments Result: FAILED
[2025-11-12 02:10:27] Add Coins Result: FAILED
[2025-11-12 02:10:27] User: 56642 | Package: 1
[2025-11-12 02:10:27] ERROR: Failed to add coins to user
[2025-11-12 02:10:27] === END IPN REQUEST ===
[2025-11-12 03:35:50] === NEW IPN REQUEST ===
[2025-11-12 03:35:50] POST Data: Array
(
    [mc_gross] => 5.00
    [protection_eligibility] => Ineligible
    [address_status] => confirmed
    [payer_id] => 8PKRSAALZ92RN
    [address_street] => Via Ca' Talami 18
Casa
    [payment_date] => 16:36:12 Nov 11, 2025 PST
    [payment_status] => Completed
    [charset] => UTF-8
    [address_zip] => 42031
    [first_name] => Amine
    [mc_fee] => 0.52
    [address_country_code] => IT
    [address_name] => Amine Lajaji
    [notify_version] => 3.9
    [custom] => 56642
    [payer_status] => unverified
    [business] => shyra.online.game@gmail.com
    [address_country] => Italy
    [address_city] => Baiso
    [quantity] => 1
    [verify_sign] => AVbp6LLsApNs2k4Pncrh7nohP-HpACiKYMTBqlHB-bObf97OyQ722sbk
    [payer_email] => amine.lajaji@hotmail.com
    [txn_id] => 86091899UX605243M
    [payment_type] => instant
    [last_name] => Lajaji
    [address_state] => Reggio Emilia
    [receiver_email] => shyra.online.game@gmail.com
    [payment_fee] => 
    [shipping_discount] => 0.00
    [insurance_amount] => 0.00
    [receiver_id] => 8YCE72MMGM9RA
    [txn_type] => web_accept
    [item_name] => 50 MD
    [discount] => 0.00
    [mc_currency] => EUR
    [item_number] => 1
    [residence_country] => IT
    [receipt_id] => 3419-1731-3249-9652
    [shipping_method] => Default
    [transaction_subject] => 
    [payment_gross] => 
    [shipping] => 0.00
    [ipn_track_id] => f7393510080df
)

[2025-11-12 03:35:50] IPN Verification Request: cmd=_notify-validate&mc_gross=5.00&protection_eligibility=Ineligible&address_status=confirmed&payer_id=8PKRSAALZ92RN&address_street=Via+Ca%27+Talami+18%0D%0ACasa&payment_date=16%3A36%3A12+Nov+11%2C+2025+PST&payment_status=Completed&charset=UTF-8&address_zip=42031&first_name=Amine&mc_fee=0.52&address_country_code=IT&address_name=Amine+Lajaji&notify_version=3.9&custom=56642&payer_status=unverified&business=shyra.online.game%40gmail.com&address_country=Italy&address_city=Baiso&quantity=1&verify_sign=AVbp6LLsApNs2k4Pncrh7nohP-HpACiKYMTBqlHB-bObf97OyQ722sbk&payer_email=amine.lajaji%40hotmail.com&txn_id=86091899UX605243M&payment_type=instant&last_name=Lajaji&address_state=Reggio+Emilia&receiver_email=shyra.online.game%40gmail.com&payment_fee=&shipping_discount=0.00&insurance_amount=0.00&receiver_id=8YCE72MMGM9RA&txn_type=web_accept&item_name=50+MD&discount=0.00&mc_currency=EUR&item_number=1&residence_country=IT&receipt_id=3419-1731-3249-9652&shipping_method=Default&transaction_subject=&payment_gross=&shipping=0.00&ipn_track_id=f7393510080df
[2025-11-12 03:35:50] Payment Data: Array
(
    [item_name] => 50 MD
    [item_number] => 1
    [payment_status] => Completed
    [payment_amount] => 5.00
    [payment_currency] => EUR
    [txn_id] => 86091899UX605243M
    [receiver_email] => shyra.online.game@gmail.com
    [payer_email] => amine.lajaji@hotmail.com
    [custom] => 56642
)

[2025-11-12 03:35:50] PayPal URL: https://ipnpb.paypal.com/cgi-bin/webscr
[2025-11-12 03:35:51] cURL Result: VERIFIED
[2025-11-12 03:35:51] cURL Error: 
[2025-11-12 03:35:51] cURL Errno: 0
[2025-11-12 03:35:51] cURL Info: Array
(
    [url] => https://ipnpb.paypal.com/cgi-bin/webscr
    [content_type] => text/html; charset=utf-8
    [http_code] => 200
    [header_size] => 3438
    [request_size] => 1210
    [filetime] => -1
    [ssl_verify_result] => 0
    [redirect_count] => 0
    [total_time] => 0.849136
    [namelookup_time] => 0.066404
    [connect_time] => 0.240594
    [pretransfer_time] => 0.59672
    [size_upload] => 1050
    [size_download] => 8
    [speed_download] => 9
    [speed_upload] => 1236
    [download_content_length] => 8
    [upload_content_length] => 1050
    [starttransfer_time] => 0.849075
    [redirect_time] => 0
    [redirect_url] => 
    [primary_ip] => 64.4.248.8
    [certinfo] => Array
        (
        )

    [primary_port] => 443
    [local_ip] => 81.180.202.3
    [local_port] => 33224
    [http_version] => 2
    [protocol] => 2
    [ssl_verifyresult] => 0
    [scheme] => https
    [appconnect_time_us] => 596506
    [connect_time_us] => 240594
    [namelookup_time_us] => 66404
    [pretransfer_time_us] => 596720
    [redirect_time_us] => 0
    [starttransfer_time_us] => 849075
    [total_time_us] => 849136
)

[2025-11-12 03:35:51] IPN VERIFIED by PayPal
[2025-11-12 03:35:51] Receiver email match: YES
[2025-11-12 03:35:51] Expected: shyra.online.game@gmail.com | Received: shyra.online.game@gmail.com
[2025-11-12 03:35:51] Currency match: YES
[2025-11-12 03:35:51] Expected: EUR | Received: EUR
[2025-11-12 03:35:51] Valid TXN ID: YES
[2025-11-12 03:35:51] Valid Price: YES
[2025-11-12 03:35:51] Payment COMPLETED - Processing...
[2025-11-12 03:35:51] Update Payments Result: FAILED
[2025-11-12 03:35:51] Add Coins Result: FAILED
[2025-11-12 03:35:51] User: 56642 | Package: 1
[2025-11-12 03:35:51] ERROR: Failed to add coins to user
[2025-11-12 03:35:51] === END IPN REQUEST ===
[2025-11-12 06:26:34] === NEW IPN REQUEST ===
[2025-11-12 06:26:34] POST Data: Array
(
    [mc_gross] => 5.00
    [protection_eligibility] => Ineligible
    [address_status] => confirmed
    [payer_id] => 8PKRSAALZ92RN
    [address_street] => Via Ca' Talami 18
Casa
    [payment_date] => 16:36:12 Nov 11, 2025 PST
    [payment_status] => Completed
    [charset] => UTF-8
    [address_zip] => 42031
    [first_name] => Amine
    [mc_fee] => 0.52
    [address_country_code] => IT
    [address_name] => Amine Lajaji
    [notify_version] => 3.9
    [custom] => 56642
    [payer_status] => unverified
    [business] => shyra.online.game@gmail.com
    [address_country] => Italy
    [address_city] => Baiso
    [quantity] => 1
    [verify_sign] => AVbp6LLsApNs2k4Pncrh7nohP-HpACiKYMTBqlHB-bObf97OyQ722sbk
    [payer_email] => amine.lajaji@hotmail.com
    [txn_id] => 86091899UX605243M
    [payment_type] => instant
    [last_name] => Lajaji
    [address_state] => Reggio Emilia
    [receiver_email] => shyra.online.game@gmail.com
    [payment_fee] => 
    [shipping_discount] => 0.00
    [insurance_amount] => 0.00
    [receiver_id] => 8YCE72MMGM9RA
    [txn_type] => web_accept
    [item_name] => 50 MD
    [discount] => 0.00
    [mc_currency] => EUR
    [item_number] => 1
    [residence_country] => IT
    [receipt_id] => 3419-1731-3249-9652
    [shipping_method] => Default
    [transaction_subject] => 
    [payment_gross] => 
    [shipping] => 0.00
    [ipn_track_id] => f7393510080df
)

[2025-11-12 06:26:34] IPN Verification Request: cmd=_notify-validate&mc_gross=5.00&protection_eligibility=Ineligible&address_status=confirmed&payer_id=8PKRSAALZ92RN&address_street=Via+Ca%27+Talami+18%0D%0ACasa&payment_date=16%3A36%3A12+Nov+11%2C+2025+PST&payment_status=Completed&charset=UTF-8&address_zip=42031&first_name=Amine&mc_fee=0.52&address_country_code=IT&address_name=Amine+Lajaji&notify_version=3.9&custom=56642&payer_status=unverified&business=shyra.online.game%40gmail.com&address_country=Italy&address_city=Baiso&quantity=1&verify_sign=AVbp6LLsApNs2k4Pncrh7nohP-HpACiKYMTBqlHB-bObf97OyQ722sbk&payer_email=amine.lajaji%40hotmail.com&txn_id=86091899UX605243M&payment_type=instant&last_name=Lajaji&address_state=Reggio+Emilia&receiver_email=shyra.online.game%40gmail.com&payment_fee=&shipping_discount=0.00&insurance_amount=0.00&receiver_id=8YCE72MMGM9RA&txn_type=web_accept&item_name=50+MD&discount=0.00&mc_currency=EUR&item_number=1&residence_country=IT&receipt_id=3419-1731-3249-9652&shipping_method=Default&transaction_subject=&payment_gross=&shipping=0.00&ipn_track_id=f7393510080df
[2025-11-12 06:26:34] Payment Data: Array
(
    [item_name] => 50 MD
    [item_number] => 1
    [payment_status] => Completed
    [payment_amount] => 5.00
    [payment_currency] => EUR
    [txn_id] => 86091899UX605243M
    [receiver_email] => shyra.online.game@gmail.com
    [payer_email] => amine.lajaji@hotmail.com
    [custom] => 56642
)

[2025-11-12 06:26:34] PayPal URL: https://ipnpb.paypal.com/cgi-bin/webscr
[2025-11-12 06:26:34] cURL Result: VERIFIED
[2025-11-12 06:26:34] cURL Error: 
[2025-11-12 06:26:34] cURL Errno: 0
[2025-11-12 06:26:34] cURL Info: Array
(
    [url] => https://ipnpb.paypal.com/cgi-bin/webscr
    [content_type] => text/html; charset=utf-8
    [http_code] => 200
    [header_size] => 3321
    [request_size] => 1210
    [filetime] => -1
    [ssl_verify_result] => 0
    [redirect_count] => 0
    [total_time] => 0.812317
    [namelookup_time] => 0.032821
    [connect_time] => 0.206817
    [pretransfer_time] => 0.562285
    [size_upload] => 1050
    [size_download] => 8
    [speed_download] => 9
    [speed_upload] => 1292
    [download_content_length] => 8
    [upload_content_length] => 1050
    [starttransfer_time] => 0.812258
    [redirect_time] => 0
    [redirect_url] => 
    [primary_ip] => 64.4.248.8
    [certinfo] => Array
        (
        )

    [primary_port] => 443
    [local_ip] => 81.180.202.3
    [local_port] => 42666
    [http_version] => 2
    [protocol] => 2
    [ssl_verifyresult] => 0
    [scheme] => https
    [appconnect_time_us] => 562124
    [connect_time_us] => 206817
    [namelookup_time_us] => 32821
    [pretransfer_time_us] => 562285
    [redirect_time_us] => 0
    [starttransfer_time_us] => 812258
    [total_time_us] => 812317
)

[2025-11-12 06:26:34] IPN VERIFIED by PayPal
[2025-11-12 06:26:34] Receiver email match: YES
[2025-11-12 06:26:34] Expected: shyra.online.game@gmail.com | Received: shyra.online.game@gmail.com
[2025-11-12 06:26:34] Currency match: YES
[2025-11-12 06:26:34] Expected: EUR | Received: EUR
[2025-11-12 06:26:34] Valid TXN ID: YES
[2025-11-12 06:26:34] Valid Price: YES
[2025-11-12 06:26:34] Payment COMPLETED - Processing...
[2025-11-12 06:26:34] Update Payments Result: FAILED
[2025-11-12 06:26:34] Add Coins Result: FAILED
[2025-11-12 06:26:34] User: 56642 | Package: 1
[2025-11-12 06:26:34] ERROR: Failed to add coins to user
[2025-11-12 06:26:34] === END IPN REQUEST ===
[2025-11-12 12:07:57] === NEW IPN REQUEST ===
[2025-11-12 12:07:57] POST Data: Array
(
    [mc_gross] => 5.00
    [protection_eligibility] => Ineligible
    [address_status] => confirmed
    [payer_id] => 8PKRSAALZ92RN
    [address_street] => Via Ca' Talami 18
Casa
    [payment_date] => 16:36:12 Nov 11, 2025 PST
    [payment_status] => Completed
    [charset] => UTF-8
    [address_zip] => 42031
    [first_name] => Amine
    [mc_fee] => 0.52
    [address_country_code] => IT
    [address_name] => Amine Lajaji
    [notify_version] => 3.9
    [custom] => 56642
    [payer_status] => unverified
    [business] => shyra.online.game@gmail.com
    [address_country] => Italy
    [address_city] => Baiso
    [quantity] => 1
    [verify_sign] => AVbp6LLsApNs2k4Pncrh7nohP-HpACiKYMTBqlHB-bObf97OyQ722sbk
    [payer_email] => amine.lajaji@hotmail.com
    [txn_id] => 86091899UX605243M
    [payment_type] => instant
    [last_name] => Lajaji
    [address_state] => Reggio Emilia
    [receiver_email] => shyra.online.game@gmail.com
    [payment_fee] => 
    [shipping_discount] => 0.00
    [insurance_amount] => 0.00
    [receiver_id] => 8YCE72MMGM9RA
    [txn_type] => web_accept
    [item_name] => 50 MD
    [discount] => 0.00
    [mc_currency] => EUR
    [item_number] => 1
    [residence_country] => IT
    [receipt_id] => 3419-1731-3249-9652
    [shipping_method] => Default
    [transaction_subject] => 
    [payment_gross] => 
    [shipping] => 0.00
    [ipn_track_id] => f7393510080df
)

[2025-11-12 12:07:57] IPN Verification Request: cmd=_notify-validate&mc_gross=5.00&protection_eligibility=Ineligible&address_status=confirmed&payer_id=8PKRSAALZ92RN&address_street=Via+Ca%27+Talami+18%0D%0ACasa&payment_date=16%3A36%3A12+Nov+11%2C+2025+PST&payment_status=Completed&charset=UTF-8&address_zip=42031&first_name=Amine&mc_fee=0.52&address_country_code=IT&address_name=Amine+Lajaji&notify_version=3.9&custom=56642&payer_status=unverified&business=shyra.online.game%40gmail.com&address_country=Italy&address_city=Baiso&quantity=1&verify_sign=AVbp6LLsApNs2k4Pncrh7nohP-HpACiKYMTBqlHB-bObf97OyQ722sbk&payer_email=amine.lajaji%40hotmail.com&txn_id=86091899UX605243M&payment_type=instant&last_name=Lajaji&address_state=Reggio+Emilia&receiver_email=shyra.online.game%40gmail.com&payment_fee=&shipping_discount=0.00&insurance_amount=0.00&receiver_id=8YCE72MMGM9RA&txn_type=web_accept&item_name=50+MD&discount=0.00&mc_currency=EUR&item_number=1&residence_country=IT&receipt_id=3419-1731-3249-9652&shipping_method=Default&transaction_subject=&payment_gross=&shipping=0.00&ipn_track_id=f7393510080df
[2025-11-12 12:07:57] Payment Data: Array
(
    [item_name] => 50 MD
    [item_number] => 1
    [payment_status] => Completed
    [payment_amount] => 5.00
    [payment_currency] => EUR
    [txn_id] => 86091899UX605243M
    [receiver_email] => shyra.online.game@gmail.com
    [payer_email] => amine.lajaji@hotmail.com
    [custom] => 56642
)

[2025-11-12 12:07:57] PayPal URL: https://ipnpb.paypal.com/cgi-bin/webscr
[2025-11-12 12:07:58] cURL Result: VERIFIED
[2025-11-12 12:07:58] cURL Error: 
[2025-11-12 12:07:58] cURL Errno: 0
[2025-11-12 12:07:58] cURL Info: Array
(
    [url] => https://ipnpb.paypal.com/cgi-bin/webscr
    [content_type] => text/html; charset=utf-8
    [http_code] => 200
    [header_size] => 3436
    [request_size] => 1210
    [filetime] => -1
    [ssl_verify_result] => 0
    [redirect_count] => 0
    [total_time] => 0.915511
    [namelookup_time] => 0.033638
    [connect_time] => 0.207674
    [pretransfer_time] => 0.563612
    [size_upload] => 1050
    [size_download] => 8
    [speed_download] => 8
    [speed_upload] => 1146
    [download_content_length] => 8
    [upload_content_length] => 1050
    [starttransfer_time] => 0.915446
    [redirect_time] => 0
    [redirect_url] => 
    [primary_ip] => 64.4.248.8
    [certinfo] => Array
        (
        )

    [primary_port] => 443
    [local_ip] => 81.180.202.3
    [local_port] => 51572
    [http_version] => 2
    [protocol] => 2
    [ssl_verifyresult] => 0
    [scheme] => https
    [appconnect_time_us] => 563440
    [connect_time_us] => 207674
    [namelookup_time_us] => 33638
    [pretransfer_time_us] => 563612
    [redirect_time_us] => 0
    [starttransfer_time_us] => 915446
    [total_time_us] => 915511
)

[2025-11-12 12:07:58] IPN VERIFIED by PayPal
[2025-11-12 12:07:58] Receiver email match: YES
[2025-11-12 12:07:58] Expected: shyra.online.game@gmail.com | Received: shyra.online.game@gmail.com
[2025-11-12 12:07:58] Currency match: YES
[2025-11-12 12:07:58] Expected: EUR | Received: EUR
[2025-11-12 12:07:58] Valid TXN ID: YES
[2025-11-12 12:07:58] Valid Price: YES
[2025-11-12 12:07:58] Payment COMPLETED - Processing...
[2025-11-12 12:07:58] Update Payments Result: FAILED
[2025-11-12 12:07:58] Add Coins Result: FAILED
[2025-11-12 12:07:58] User: 56642 | Package: 1
[2025-11-12 12:07:58] ERROR: Failed to add coins to user
[2025-11-12 12:07:58] === END IPN REQUEST ===
[2025-11-12 23:30:41] === NEW IPN REQUEST ===
[2025-11-12 23:30:41] POST Data: Array
(
    [mc_gross] => 5.00
    [protection_eligibility] => Ineligible
    [address_status] => confirmed
    [payer_id] => 8PKRSAALZ92RN
    [address_street] => Via Ca' Talami 18
Casa
    [payment_date] => 16:36:12 Nov 11, 2025 PST
    [payment_status] => Completed
    [charset] => UTF-8
    [address_zip] => 42031
    [first_name] => Amine
    [mc_fee] => 0.52
    [address_country_code] => IT
    [address_name] => Amine Lajaji
    [notify_version] => 3.9
    [custom] => 56642
    [payer_status] => unverified
    [business] => shyra.online.game@gmail.com
    [address_country] => Italy
    [address_city] => Baiso
    [quantity] => 1
    [verify_sign] => AVbp6LLsApNs2k4Pncrh7nohP-HpACiKYMTBqlHB-bObf97OyQ722sbk
    [payer_email] => amine.lajaji@hotmail.com
    [txn_id] => 86091899UX605243M
    [payment_type] => instant
    [last_name] => Lajaji
    [address_state] => Reggio Emilia
    [receiver_email] => shyra.online.game@gmail.com
    [payment_fee] => 
    [shipping_discount] => 0.00
    [insurance_amount] => 0.00
    [receiver_id] => 8YCE72MMGM9RA
    [txn_type] => web_accept
    [item_name] => 50 MD
    [discount] => 0.00
    [mc_currency] => EUR
    [item_number] => 1
    [residence_country] => IT
    [receipt_id] => 3419-1731-3249-9652
    [shipping_method] => Default
    [transaction_subject] => 
    [payment_gross] => 
    [shipping] => 0.00
    [ipn_track_id] => f7393510080df
)

[2025-11-12 23:30:41] IPN Verification Request: cmd=_notify-validate&mc_gross=5.00&protection_eligibility=Ineligible&address_status=confirmed&payer_id=8PKRSAALZ92RN&address_street=Via+Ca%27+Talami+18%0D%0ACasa&payment_date=16%3A36%3A12+Nov+11%2C+2025+PST&payment_status=Completed&charset=UTF-8&address_zip=42031&first_name=Amine&mc_fee=0.52&address_country_code=IT&address_name=Amine+Lajaji&notify_version=3.9&custom=56642&payer_status=unverified&business=shyra.online.game%40gmail.com&address_country=Italy&address_city=Baiso&quantity=1&verify_sign=AVbp6LLsApNs2k4Pncrh7nohP-HpACiKYMTBqlHB-bObf97OyQ722sbk&payer_email=amine.lajaji%40hotmail.com&txn_id=86091899UX605243M&payment_type=instant&last_name=Lajaji&address_state=Reggio+Emilia&receiver_email=shyra.online.game%40gmail.com&payment_fee=&shipping_discount=0.00&insurance_amount=0.00&receiver_id=8YCE72MMGM9RA&txn_type=web_accept&item_name=50+MD&discount=0.00&mc_currency=EUR&item_number=1&residence_country=IT&receipt_id=3419-1731-3249-9652&shipping_method=Default&transaction_subject=&payment_gross=&shipping=0.00&ipn_track_id=f7393510080df
[2025-11-12 23:30:41] Payment Data: Array
(
    [item_name] => 50 MD
    [item_number] => 1
    [payment_status] => Completed
    [payment_amount] => 5.00
    [payment_currency] => EUR
    [txn_id] => 86091899UX605243M
    [receiver_email] => shyra.online.game@gmail.com
    [payer_email] => amine.lajaji@hotmail.com
    [custom] => 56642
)

[2025-11-12 23:30:41] PayPal URL: https://ipnpb.paypal.com/cgi-bin/webscr
[2025-11-12 23:30:42] cURL Result: VERIFIED
[2025-11-12 23:30:42] cURL Error: 
[2025-11-12 23:30:42] cURL Errno: 0
[2025-11-12 23:30:42] cURL Info: Array
(
    [url] => https://ipnpb.paypal.com/cgi-bin/webscr
    [content_type] => text/html; charset=utf-8
    [http_code] => 200
    [header_size] => 3434
    [request_size] => 1210
    [filetime] => -1
    [ssl_verify_result] => 0
    [redirect_count] => 0
    [total_time] => 0.931904
    [namelookup_time] => 0.069398
    [connect_time] => 0.243718
    [pretransfer_time] => 0.603113
    [size_upload] => 1050
    [size_download] => 8
    [speed_download] => 8
    [speed_upload] => 1126
    [download_content_length] => 8
    [upload_content_length] => 1050
    [starttransfer_time] => 0.931832
    [redirect_time] => 0
    [redirect_url] => 
    [primary_ip] => 64.4.248.8
    [certinfo] => Array
        (
        )

    [primary_port] => 443
    [local_ip] => 81.180.202.3
    [local_port] => 33042
    [http_version] => 2
    [protocol] => 2
    [ssl_verifyresult] => 0
    [scheme] => https
    [appconnect_time_us] => 602955
    [connect_time_us] => 243718
    [namelookup_time_us] => 69398
    [pretransfer_time_us] => 603113
    [redirect_time_us] => 0
    [starttransfer_time_us] => 931832
    [total_time_us] => 931904
)

[2025-11-12 23:30:42] IPN VERIFIED by PayPal
[2025-11-12 23:30:42] Receiver email match: YES
[2025-11-12 23:30:42] Expected: shyra.online.game@gmail.com | Received: shyra.online.game@gmail.com
[2025-11-12 23:30:42] Currency match: YES
[2025-11-12 23:30:42] Expected: EUR | Received: EUR
[2025-11-12 23:30:42] Valid TXN ID: YES
[2025-11-12 23:30:42] Valid Price: YES
[2025-11-12 23:30:42] Payment COMPLETED - Processing...
[2025-11-12 23:30:42] Update Payments Result: FAILED
[2025-11-12 23:30:42] Add Coins Result: FAILED
[2025-11-12 23:30:42] User: 56642 | Package: 1
[2025-11-12 23:30:42] ERROR: Failed to add coins to user
[2025-11-12 23:30:42] === END IPN REQUEST ===
[2025-11-13 22:16:09] === NEW IPN REQUEST ===
[2025-11-13 22:16:09] POST Data: Array
(
    [mc_gross] => 5.00
    [protection_eligibility] => Ineligible
    [address_status] => confirmed
    [payer_id] => 8PKRSAALZ92RN
    [address_street] => Via Ca' Talami 18
Casa
    [payment_date] => 16:36:12 Nov 11, 2025 PST
    [payment_status] => Completed
    [charset] => UTF-8
    [address_zip] => 42031
    [first_name] => Amine
    [mc_fee] => 0.52
    [address_country_code] => IT
    [address_name] => Amine Lajaji
    [notify_version] => 3.9
    [custom] => 56642
    [payer_status] => unverified
    [business] => shyra.online.game@gmail.com
    [address_country] => Italy
    [address_city] => Baiso
    [quantity] => 1
    [verify_sign] => AVbp6LLsApNs2k4Pncrh7nohP-HpACiKYMTBqlHB-bObf97OyQ722sbk
    [payer_email] => amine.lajaji@hotmail.com
    [txn_id] => 86091899UX605243M
    [payment_type] => instant
    [last_name] => Lajaji
    [address_state] => Reggio Emilia
    [receiver_email] => shyra.online.game@gmail.com
    [payment_fee] => 
    [shipping_discount] => 0.00
    [insurance_amount] => 0.00
    [receiver_id] => 8YCE72MMGM9RA
    [txn_type] => web_accept
    [item_name] => 50 MD
    [discount] => 0.00
    [mc_currency] => EUR
    [item_number] => 1
    [residence_country] => IT
    [receipt_id] => 3419-1731-3249-9652
    [shipping_method] => Default
    [transaction_subject] => 
    [payment_gross] => 
    [shipping] => 0.00
    [ipn_track_id] => f7393510080df
)

[2025-11-13 22:16:09] IPN Verification Request: cmd=_notify-validate&mc_gross=5.00&protection_eligibility=Ineligible&address_status=confirmed&payer_id=8PKRSAALZ92RN&address_street=Via+Ca%27+Talami+18%0D%0ACasa&payment_date=16%3A36%3A12+Nov+11%2C+2025+PST&payment_status=Completed&charset=UTF-8&address_zip=42031&first_name=Amine&mc_fee=0.52&address_country_code=IT&address_name=Amine+Lajaji&notify_version=3.9&custom=56642&payer_status=unverified&business=shyra.online.game%40gmail.com&address_country=Italy&address_city=Baiso&quantity=1&verify_sign=AVbp6LLsApNs2k4Pncrh7nohP-HpACiKYMTBqlHB-bObf97OyQ722sbk&payer_email=amine.lajaji%40hotmail.com&txn_id=86091899UX605243M&payment_type=instant&last_name=Lajaji&address_state=Reggio+Emilia&receiver_email=shyra.online.game%40gmail.com&payment_fee=&shipping_discount=0.00&insurance_amount=0.00&receiver_id=8YCE72MMGM9RA&txn_type=web_accept&item_name=50+MD&discount=0.00&mc_currency=EUR&item_number=1&residence_country=IT&receipt_id=3419-1731-3249-9652&shipping_method=Default&transaction_subject=&payment_gross=&shipping=0.00&ipn_track_id=f7393510080df
[2025-11-13 22:16:09] Payment Data: Array
(
    [item_name] => 50 MD
    [item_number] => 1
    [payment_status] => Completed
    [payment_amount] => 5.00
    [payment_currency] => EUR
    [txn_id] => 86091899UX605243M
    [receiver_email] => shyra.online.game@gmail.com
    [payer_email] => amine.lajaji@hotmail.com
    [custom] => 56642
)

[2025-11-13 22:16:09] PayPal URL: https://ipnpb.paypal.com/cgi-bin/webscr
[2025-11-13 22:16:09] cURL Result: VERIFIED
[2025-11-13 22:16:10] cURL Error: 
[2025-11-13 22:16:10] cURL Errno: 0
[2025-11-13 22:16:10] cURL Info: Array
(
    [url] => https://ipnpb.paypal.com/cgi-bin/webscr
    [content_type] => text/html; charset=utf-8
    [http_code] => 200
    [header_size] => 3321
    [request_size] => 1210
    [filetime] => -1
    [ssl_verify_result] => 0
    [redirect_count] => 0
    [total_time] => 0.811643
    [namelookup_time] => 0.032102
    [connect_time] => 0.205232
    [pretransfer_time] => 0.558713
    [size_upload] => 1050
    [size_download] => 8
    [speed_download] => 9
    [speed_upload] => 1293
    [download_content_length] => 8
    [upload_content_length] => 1050
    [starttransfer_time] => 0.811569
    [redirect_time] => 0
    [redirect_url] => 
    [primary_ip] => 64.4.248.8
    [certinfo] => Array
        (
        )

    [primary_port] => 443
    [local_ip] => 81.180.202.3
    [local_port] => 53456
    [http_version] => 2
    [protocol] => 2
    [ssl_verifyresult] => 0
    [scheme] => https
    [appconnect_time_us] => 558602
    [connect_time_us] => 205232
    [namelookup_time_us] => 32102
    [pretransfer_time_us] => 558713
    [redirect_time_us] => 0
    [starttransfer_time_us] => 811569
    [total_time_us] => 811643
)

[2025-11-13 22:16:10] IPN VERIFIED by PayPal
[2025-11-13 22:16:10] Receiver email match: YES
[2025-11-13 22:16:10] Expected: shyra.online.game@gmail.com | Received: shyra.online.game@gmail.com
[2025-11-13 22:16:10] Currency match: YES
[2025-11-13 22:16:10] Expected: EUR | Received: EUR
[2025-11-13 22:16:10] Valid TXN ID: YES
[2025-11-13 22:16:10] Valid Price: YES
[2025-11-13 22:16:10] Payment COMPLETED - Processing...
[2025-11-13 22:16:10] Update Payments Result: FAILED
[2025-11-13 22:16:10] Add Coins Result: FAILED
[2025-11-13 22:16:10] User: 56642 | Package: 1
[2025-11-13 22:16:10] ERROR: Failed to add coins to user
[2025-11-13 22:16:10] === END IPN REQUEST ===
