[2025-11-14 05:33:38] [INFO] [IP: 2a07:7e81:744e:0:8d00:6ded:896:88c6] Successful login for user: onetest3
[2025-11-14 12:45:05] [INFO] [IP: 2001:b07:646c:4adf:a44f:ed9a:ded3:95fa] Successful login for user: blacksmoker1996T
[2025-11-14 13:21:53] [INFO] [IP: 2a07:7e81:744e:0:8d00:6ded:896:88c6] Successful login for user: onetest3
[2025-11-14 13:32:30] [INFO] [IP: 2a07:7e81:744e:0:8d00:6ded:896:88c6] Successful login for user: onetest3
[2025-11-14 13:32:54] [INFO] [IP: 2a07:7e81:744e:0:8d00:6ded:896:88c6] Successful login for user: onetest2
[2025-11-14 13:39:20] [INFO] [IP: 2a07:7e81:744e:0:8d00:6ded:896:88c6] Successful login for user: onetest2
[2025-11-14 13:39:29] [INFO] [IP: 2a07:7e81:744e:0:8d00:6ded:896:88c6] Successful login for user: onetest3
[2025-11-14 13:39:52] [INFO] [IP: 2a07:7e81:744e:0:8d00:6ded:896:88c6] Successful login for user: onetest3
[2025-11-14 14:55:18] [INFO] [IP: 2001:b07:646c:4adf:a44f:ed9a:ded3:95fa] Successful login for user: blacksmoker1996T
[2025-11-14 15:39:44] [INFO] [IP: 2001:b07:646c:4adf:a44f:ed9a:ded3:95fa] Successful login for user: blacksmoker1996T
[2025-11-14 15:52:05] [INFO] [IP: 2001:b07:646c:4adf:a44f:ed9a:ded3:95fa] Successful login for user: blacksmoker1996T
[2025-11-14 16:58:09] [INFO] [IP: 2001:b07:646c:4adf:a44f:ed9a:ded3:95fa] Successful login for user: blacksmoker1996T
[2025-11-14 17:49:07] [INFO] [IP: 2001:b07:646c:4adf:a44f:ed9a:ded3:95fa] Successful login for user: blacksmoker1996T
[2025-11-14 18:00:01] [INFO] [IP: 2a07:7e81:744e:0:4539:184c:1194:323f] Successful login for user: onetest2
[2025-11-14 18:00:28] [INFO] [IP: 2a07:7e81:744e:0:4539:184c:1194:323f] Successful login for user: onetest3
[2025-11-14 18:31:50] [INFO] [IP: 2001:b07:646c:4adf:a44f:ed9a:ded3:95fa] Successful login for user: blacksmoker1996T
[2025-11-14 18:35:11] [INFO] [IP: 2001:b07:646c:4adf:a44f:ed9a:ded3:95fa] Successful login for user: blacksmoker1996T
[2025-11-14 18:48:48] [INFO] [IP: 2001:b07:646c:4adf:a44f:ed9a:ded3:95fa] Successful login for user: blacksmoker1996T
[2025-11-14 19:21:08] [INFO] [IP: 151.49.70.85] Successful login for user: onetest3
[2025-11-14 19:54:51] [INFO] [IP: 2001:b07:646c:4adf:857:fe0d:6a94:5d40] Successful login for user: Onetest3
[2025-11-14 20:11:43] [INFO] [IP: 2a07:7e81:744e:0:4539:184c:1194:323f] Successful login for user: onetest3
[2025-11-14 20:17:12] [INFO] [IP: 2001:b07:646c:4adf:a44f:ed9a:ded3:95fa] Successful login for user: blacksmoker1996T
[2025-11-14 20:18:40] [INFO] [IP: 2a07:7e81:744e:0:4539:184c:1194:323f] Successful login for user: onetest3
[2025-11-14 20:36:36] [INFO] [IP: 2a07:7e81:744e:0:4539:184c:1194:323f] Successful login for user: onetest2
[2025-11-14 20:37:02] [INFO] [IP: 2001:b07:646c:4adf:a44f:ed9a:ded3:95fa] Successful login for user: blacksmoker1996T
[2025-11-14 20:37:09] [INFO] [IP: 2a07:7e81:744e:0:4539:184c:1194:323f] Successful login for user: onetest3
[2025-11-14 20:50:04] [INFO] [IP: 2a07:7e81:744e:0:4539:184c:1194:323f] Successful login for user: onetest2
[2025-11-14 20:52:20] [INFO] [IP: 2001:b07:646c:4adf:a44f:ed9a:ded3:95fa] Successful login for user: onetest1
[2025-11-14 20:58:54] [INFO] [IP: 2a07:7e81:744e:0:4539:184c:1194:323f] Successful login for user: onetest3
[2025-11-14 20:59:35] [INFO] [IP: 2001:b07:646c:4adf:a44f:ed9a:ded3:95fa] Successful login for user: blacksmoker1996T
[2025-11-14 21:01:52] [INFO] [IP: 2001:b07:646c:4adf:a44f:ed9a:ded3:95fa] Successful login for user: blacksmoker1996T
[2025-11-14 21:02:25] [INFO] [IP: 2a07:7e81:744e:0:4539:184c:1194:323f] Successful login for user: onetest3
[2025-11-14 23:34:10] [INFO] [IP: 2a07:7e81:744e:0:4539:184c:1194:323f] Successful login for user: onetest2
[2025-11-14 23:35:49] [INFO] [IP: 2a07:7e81:744e:0:4539:184c:1194:323f] Successful login for user: onetest3
[2025-11-14 23:43:50] [INFO] [IP: 2a07:7e81:744e:0:4539:184c:1194:323f] Successful login for user: onetest2
[2025-11-14 23:45:28] [INFO] [IP: 2a07:7e81:744e:0:4539:184c:1194:323f] Successful login for user: onetest3
[2025-11-15 00:02:25] [INFO] [IP: 2a07:7e81:744e:0:4539:184c:1194:323f] Successful login for user: onetest2
[2025-11-15 00:36:12] [INFO] [IP: 2a07:7e81:744e:0:4539:184c:1194:323f] Successful login for user: onetest3
[2025-11-15 00:42:33] [INFO] [IP: 2a07:7e81:744e:0:dc0d:41a8:7131:6ac2] Successful login for user: onetest3
[2025-11-15 00:50:55] [INFO] [IP: 2001:b07:646c:4adf:857:fe0d:6a94:5d40] Successful login for user: Onetest3
[2025-11-15 08:11:59] [INFO] [IP: 2001:b07:646c:4adf:cc6c:ed9a:4a6e:7a6a] Successful login for user: blacksmoker1996T
[2025-11-15 08:13:35] [WARNING] [IP: 93.42.32.12] Failed login attempt for user: onetest2
[2025-11-15 08:13:42] [WARNING] [IP: 93.42.32.12] Failed login attempt for user: blacksmoker1996T
[2025-11-15 08:13:50] [INFO] [IP: 93.42.32.12] Successful login for user: onetest1
[2025-11-15 10:28:45] [INFO] [IP: 2a07:7e81:744e:0:dc0d:41a8:7131:6ac2] Successful login for user: onetest3
[2025-11-15 11:23:18] [INFO] [IP: 2a07:7e81:744e:0:dc0d:41a8:7131:6ac2] Successful login for user: onetest3
[2025-11-15 12:52:31] [INFO] [IP: 2a07:7e81:744e:0:4539:184c:1194:323f] Successful login for user: onetest3
